Traceback (most recent call last):
  File "/home/exouser/Implementation/src/main.py", line 136, in <module>
    fed_avg(args, client_data_dict, trainset, testset)
  File "/home/exouser/Implementation/src/fedavg.py", line 51, in fed_avg
    w_local = client_update(trainset, client_idx, w_global, args, client_data_dict, criterion , model_local) #client index, global weight, args, dictionary of clients' data, criterion, optimizer.
  File "/home/exouser/Implementation/src/fedavg.py", line 125, in client_update
    optimizer.zero_grad()
  File "/home/exouser/miniconda3/envs/p1/lib/python3.10/site-packages/torch/optim/optimizer.py", line 249, in zero_grad
    p.grad.zero_()
KeyboardInterrupt
Round 0
server stats: [loss: 1.925
server stats: [accuracy: 69.735
Round 1
server stats: [loss: 2.002
server stats: [accuracy: 46.338
Round 2
server stats: [loss: 1.969
server stats: [accuracy: 69.357
Round 3
server stats: [loss: 1.983
server stats: [accuracy: 57.584
Round 4
server stats: [loss: 2.062
server stats: [accuracy: 62.848
Round 5
server stats: [loss: 2.001
server stats: [accuracy: 57.116
Round 6
server stats: [loss: 2.038
server stats: [accuracy: 51.990
Round 7
server stats: [loss: 1.980
server stats: [accuracy: 60.639
Round 8
server stats: [loss: 1.953
server stats: [accuracy: 61.316
Round 9
server stats: [loss: 1.958
server stats: [accuracy: 59.166
Round 10
server stats: [loss: 1.941
server stats: [accuracy: 77.299
Round 11
server stats: [loss: 2.030
server stats: [accuracy: 49.672
Round 12
server stats: [loss: 1.983
server stats: [accuracy: 51.154
Round 13
server stats: [loss: 2.016
server stats: [accuracy: 49.761
Round 14
server stats: [loss: 1.957
server stats: [accuracy: 65.227
Round 15
server stats: [loss: 1.887
server stats: [accuracy: 66.282
Round 16
server stats: [loss: 1.938
server stats: [accuracy: 56.748
Round 17
server stats: [loss: 1.989
server stats: [accuracy: 53.593
Round 18
server stats: [loss: 1.954
server stats: [accuracy: 58.280
Round 19
server stats: [loss: 1.962
server stats: [accuracy: 49.522
Traceback (most recent call last):
  File "/home/exouser/Implementation/src/main.py", line 96, in <module>
    from models import MP,CNN_CIFAR
  File "/home/exouser/Implementation/src/models.py", line 1, in <module>
    import torch
ModuleNotFoundError: No module named 'torch'
Traceback (most recent call last):
  File "/home/exouser/Implementation/src/main.py", line 96, in <module>
    from models import MP,CNN_CIFAR
  File "/home/exouser/Implementation/src/models.py", line 1, in <module>
    import torch
ModuleNotFoundError: No module named 'torch'
Traceback (most recent call last):
  File "/home/exouser/Implementation/src/main.py", line 96, in <module>
    from models import MP,CNN_CIFAR
  File "/home/exouser/Implementation/src/models.py", line 1, in <module>
    import torch
ModuleNotFoundError: No module named 'torch'
